BLER Performance of coded-OFDM in ITU Vehicular A Channel
Coding Scheme: (2,1,6) Convolutional Code
Generator polynomials are {171,133} in Octal
Minimum free distance = 10
Decoder: SOVA Decoder
Interleaver: S-random Interleaver
Speed of the vehicle = 60.000000 (km/h)
Carrier Frequency = 2.500000e+009 (Hz)
Maximum Doppler Frequency = 138.888889 (Hz)
f_d * t = 0.014286
Maximum number of bits of simulation = 101800
Eb/No      BER              BLER
3.0     4.587426e-003    4.200000e-001    8.909627e-003    6.300000e-001    9.882122e-003    6.700000e-001
4.0     1.964637e-004    5.000000e-002    1.149312e-003    1.700000e-001    1.424361e-003    1.500000e-001
BLER Performance of coded-OFDM in ITU Vehicular A Channel
Coding Scheme: (2,1,6) Convolutional Code
Generator polynomials are {171,133} in Octal
Minimum free distance = 10
Decoder: SOVA Decoder
Interleaver: S-random Interleaver
Speed of the vehicle = 60.000000 (km/h)
Carrier Frequency = 2.500000e+009 (Hz)
Maximum Doppler Frequency = 138.888889 (Hz)
f_d * t = 0.014286
Maximum number of bits of simulation = 101800
Eb/No      BER              BLER
3.0     6.748527e-003    5.700000e-001    1.012770e-002    6.300000e-001    7.524558e-003    5.800000e-001
4.0     2.455796e-004    6.000000e-002    1.522593e-003    1.400000e-001    1.277014e-003    1.500000e-001
BLER Performance of coded-OFDM in ITU Vehicular A Channel
Coding Scheme: (2,1,6) Convolutional Code
Generator polynomials are {171,133} in Octal
Minimum free distance = 10
Decoder: SOVA Decoder
Interleaver: S-random Interleaver
Speed of the vehicle = 60.000000 (km/h)
Carrier Frequency = 2.500000e+009 (Hz)
Maximum Doppler Frequency = 138.888889 (Hz)
f_d * t = 0.014286
Maximum number of bits of simulation = 101800
Eb/No      BER              BLER
BLER Performance of coded-OFDM in ITU Vehicular A Channel
Coding Scheme: (2,1,6) Convolutional Code
Generator polynomials are {171,133} in Octal
Minimum free distance = 10
Decoder: SOVA Decoder
Interleaver: S-random Interleaver
Speed of the vehicle = 60.000000 (km/h)
Carrier Frequency = 2.500000e+009 (Hz)
Maximum Doppler Frequency = 138.888889 (Hz)
f_d * t = 0.014286
Maximum number of bits of simulation = 10180000
Eb/No      BER              BLER
0.0     2.630157e-001    1.000000e+000    3.246562e-001    1.000000e+000    3.170432e-001    1.000000e+000    2.721022e-001    1.000000e+000    3.072200e-001    1.000000e+000    2.883104e-001    1.250000e+000    2.573674e-001    7.500000e-001    2.865914e-001    1.000000e+000    2.755403e-001    1.500000e+000    2.806974e-001    1.000000e+000
1.0     1.574516e-001    1.285714e+000    1.578726e-001    8.571429e-001    1.425765e-001    8.571429e-001    1.570306e-001    1.000000e+000    1.620825e-001    8.571429e-001    1.504350e-001    1.285714e+000    1.495930e-001    1.000000e+000    1.439798e-001    8.571429e-001    1.441201e-001    2.571429e+000    1.658715e-001    1.000000e+000
2.0     4.975442e-002    1.350000e+000    5.284872e-002    1.000000e+000    5.078585e-002    9.000000e-001    5.127701e-002    1.350000e+000    5.265226e-002    1.100000e+000    4.950884e-002    1.650000e+000    5.024558e-002    7.000000e-001    5.063851e-002    1.100000e+000    4.995088e-002    3.550000e+000    5.206287e-002    1.000000e+000
3.0     5.808242e-003    4.941860e-001    5.768264e-003    4.767442e-001    5.773975e-003    4.127907e-001    5.785398e-003    4.651163e-001    5.728286e-003    4.186047e-001    5.813953e-003    6.511628e-001    5.945310e-003    3.139535e-001    5.716864e-003    5.755814e-001    5.739709e-003    8.662791e-001    5.756842e-003    5.290698e-001
4.0     7.581346e-004    1.164225e-001    7.717674e-004    1.156515e-001    7.596494e-004    1.125675e-001    7.588920e-004    1.195066e-001    7.604067e-004    1.249036e-001    7.649510e-004    1.410948e-001    7.717674e-004    8.789514e-002    7.641936e-004    1.279877e-001    3.340034e-004    7.401696e-002    7.596494e-004    1.156515e-001
BLER Performance of coded-OFDM in ITU Vehicular A Channel
Coding Scheme: (2,1,6) Convolutional Code
Generator polynomials are {171,133} in Octal
Minimum free distance = 10
Decoder: SOVA Decoder
Interleaver: S-random Interleaver
Speed of the vehicle = 60.000000 (km/h)
Carrier Frequency = 2.500000e+009 (Hz)
Maximum Doppler Frequency = 138.888889 (Hz)
f_d * t = 0.014286
Maximum number of bits of simulation = 10180000
Eb/No      BER              BLER
0.0     2.743124e-001    1.000000e+000    2.927308e-001    1.000000e+000    3.089391e-001    1.000000e+000    3.290766e-001    1.000000e+000    3.246562e-001    1.000000e+000    2.092338e-001    1.000000e+000    3.069745e-001    1.000000e+000    3.096758e-001    1.000000e+000    1.411732e-001    1.000000e+000    2.917485e-001    1.000000e+000
1.0     1.331041e-001    1.000000e+000    1.552063e-001    1.000000e+000    1.797642e-001    1.000000e+000    1.422958e-001    1.000000e+000    1.727243e-001    1.000000e+000    9.724951e-002    1.000000e+000    2.139489e-001    1.000000e+000    9.931238e-002    1.000000e+000    6.686313e-002    1.000000e+000    1.554869e-001    1.000000e+000
2.0     3.143418e-002    8.787879e-001    5.479153e-002    1.000000e+000    5.980585e-002    1.000000e+000    4.795499e-002    1.000000e+000    4.836748e-002    1.000000e+000    2.268262e-002    8.863636e-001    6.569253e-002    1.000000e+000    4.121644e-002    9.166667e-001    8.584966e-003    6.386555e-001    4.339284e-002    1.000000e+000
3.0     6.334693e-003    5.320513e-001    9.505099e-003    5.428571e-001    1.111454e-002    6.966292e-001    5.376057e-003    4.836957e-001    8.446258e-003    5.897436e-001    2.949896e-003    3.113772e-001    1.517462e-002    7.462687e-001    6.531441e-003    5.761589e-001    8.133173e-004    1.232423e-001    5.355219e-003    4.892473e-001
4.0     5.613247e-004    8.764940e-002    1.197163e-003    1.628190e-001    1.199024e-003    1.696970e-001    6.608203e-004    1.041667e-001    7.786010e-004    1.429694e-001    2.614841e-004    4.652392e-002    1.626965e-003    2.138158e-001    5.510435e-004    8.146528e-002    4.538310e-005    1.060000e-002    7.588920e-004    1.210486e-001
5.0     3.811395e-005    9.100000e-003    1.075233e-004    2.099508e-002    1.243394e-004    2.536549e-002    4.842829e-005    1.110000e-002    1.066172e-004    2.198750e-002    1.669941e-005    4.300000e-003    2.256677e-004    4.237288e-002    5.500982e-005    1.180000e-002    7.858546e-007    3.000000e-004    6.110020e-005    1.150000e-002
6.0     2.750491e-006    7.000000e-004    6.876228e-006    1.800000e-003    1.159136e-005    2.800000e-003    4.518664e-006    1.000000e-003    9.430255e-006    2.200000e-003    2.946955e-006    7.000000e-004    2.013752e-005    4.400000e-003    3.929273e-006    1.000000e-003    0.000000e+000    0.000000e+000    4.223969e-006    1.300000e-003
7.0     0.000000e+000    0.000000e+000    1.178782e-006    3.000000e-004    1.080550e-006    5.000000e-004    0.000000e+000    0.000000e+000    4.911591e-007    1.000000e-004    0.000000e+000    0.000000e+000    1.375246e-006    4.000000e-004    0.000000e+000    0.000000e+000    0.000000e+000    0.000000e+000    0.000000e+000    0.000000e+000
8.0     0.000000e+000    0.000000e+000    0.000000e+000    0.000000e+000    0.000000e+000    0.000000e+000    0.000000e+000    0.000000e+000    0.000000e+000    0.000000e+000    0.000000e+000    0.000000e+000    0.000000e+000    0.000000e+000    0.000000e+000    0.000000e+000    0.000000e+000    0.000000e+000    0.000000e+000    0.000000e+000
9.0     0.000000e+000    0.000000e+000    0.000000e+000    0.000000e+000    0.000000e+000    0.000000e+000    0.000000e+000    0.000000e+000    0.000000e+000    0.000000e+000    0.000000e+000    0.000000e+000    0.000000e+000    0.000000e+000    0.000000e+000    0.000000e+000    0.000000e+000    0.000000e+000    0.000000e+000    0.000000e+000
10.0     0.000000e+000    0.000000e+000    0.000000e+000    0.000000e+000    0.000000e+000    0.000000e+000    0.000000e+000    0.000000e+000    0.000000e+000    0.000000e+000    0.000000e+000    0.000000e+000    0.000000e+000    0.000000e+000    0.000000e+000    0.000000e+000    0.000000e+000    0.000000e+000    0.000000e+000    0.000000e+000
