BLER Performance of coded-OFDM in ITU Vehicular A Channel
Coding Scheme: (2,1,6) Convolutional Code
Generator polynomials are {171,133} in Octal
Minimum free distance = 10
Decoder: SOVA Decoder
Interleaver: S-random Interleaver
Speed of the vehicle = 60.000000 (km/h)
Carrier Frequency = 2.500000e+009 (Hz)
Maximum Doppler Frequency = 138.888889 (Hz)
f_d * t = 0.014286
Maximum number of bits of simulation = 1018000
Eb/No      BER              BLER
0.0     4.970530e-001    1.000000e+000    4.551408e-001    1.000000e+000    4.607073e-001    1.000000e+000    2.701375e-001    1.000000e+000    4.593975e-001    1.000000e+000    2.583420e-003    2.703412e-001    4.950884e-001    1.000000e+000    4.554682e-001    1.000000e+000    5.044204e-002    1.000000e+000    2.404715e-001    1.000000e+000
1.0     4.656189e-001    1.000000e+000    3.428291e-001    1.000000e+000    4.184676e-001    1.000000e+000    1.497334e-001    1.000000e+000    4.325475e-001    1.000000e+000    2.396857e-004    3.900000e-002    4.679109e-001    1.000000e+000    4.318926e-001    1.000000e+000    7.677195e-003    6.769231e-001    1.100196e-001    1.000000e+000
2.0     4.436804e-001    1.000000e+000    2.797151e-001    1.000000e+000    3.483955e-001    1.000000e+000    3.352557e-002    9.677419e-001    3.316961e-001    1.000000e+000    2.652259e-005    5.000000e-003    4.620170e-001    1.000000e+000    4.145383e-001    1.000000e+000    6.552063e-004    1.080000e-001    3.310413e-002    1.000000e+000
3.0     3.307138e-001    1.000000e+000    1.362967e-001    1.000000e+000    2.784872e-001    1.000000e+000    6.292976e-003    4.875000e-001    1.355599e-001    1.000000e+000    0.000000e+000    0.000000e+000    4.286182e-001    1.000000e+000    3.072200e-001    1.000000e+000    4.027505e-005    1.000000e-002    4.179015e-003    3.898305e-001
4.0     2.045187e-001    1.000000e+000    2.722056e-002    8.157895e-001    1.289293e-001    1.000000e+000    4.528487e-004    7.300000e-002    8.039897e-002    1.000000e+000    0.000000e+000    0.000000e+000    3.526523e-001    1.000000e+000    1.681401e-001    1.000000e+000    0.000000e+000    0.000000e+000    3.998035e-004    7.300000e-002
5.0     9.144490e-002    1.000000e+000    4.505566e-003    4.222222e-001    3.078954e-002    9.375000e-001    3.732809e-005    6.000000e-003    9.304222e-003    6.792453e-001    0.000000e+000    0.000000e+000    2.608055e-001    1.000000e+000    4.339284e-002    9.565217e-001    0.000000e+000    0.000000e+000    3.143418e-005    8.000000e-003
6.0     1.811038e-002    8.363636e-001    3.899804e-004    7.200000e-002    4.656745e-003    4.245283e-001    0.000000e+000    0.000000e+000    1.552001e-003    1.927900e-001    0.000000e+000    0.000000e+000    8.415193e-002    1.000000e+000    9.458322e-003    6.095238e-001    0.000000e+000    0.000000e+000    0.000000e+000    0.000000e+000
7.0     2.159425e-003    2.345416e-001    3.929273e-005    9.000000e-003    4.597250e-004    8.200000e-002    0.000000e+000    0.000000e+000    1.679764e-004    3.500000e-002    0.000000e+000    0.000000e+000    1.656843e-002    8.166667e-001    9.921809e-004    1.385542e-001    0.000000e+000    0.000000e+000    0.000000e+000    0.000000e+000
8.0     2.789784e-004    4.200000e-002    0.000000e+000    0.000000e+000    5.697446e-005    1.500000e-002    0.000000e+000    0.000000e+000    7.858546e-006    2.000000e-003    0.000000e+000    0.000000e+000    2.464370e-003    2.793017e-001    9.135560e-005    2.100000e-002    0.000000e+000    0.000000e+000    0.000000e+000    0.000000e+000
9.0     1.866405e-005    6.000000e-003    0.000000e+000    0.000000e+000    0.000000e+000    0.000000e+000    0.000000e+000    0.000000e+000    0.000000e+000    0.000000e+000    0.000000e+000    0.000000e+000    2.897839e-004    5.700000e-002    0.000000e+000    0.000000e+000    0.000000e+000    0.000000e+000    0.000000e+000    0.000000e+000
10.0     0.000000e+000    0.000000e+000    0.000000e+000    0.000000e+000    0.000000e+000    0.000000e+000    0.000000e+000    0.000000e+000    0.000000e+000    0.000000e+000    0.000000e+000    0.000000e+000    5.009823e-005    8.000000e-003    0.000000e+000    0.000000e+000    0.000000e+000    0.000000e+000    0.000000e+000    0.000000e+000
BLER Performance of coded-OFDM in ITU Vehicular A Channel
Coding Scheme: (2,1,6) Convolutional Code
Generator polynomials are {171,133} in Octal
Minimum free distance = 10
Decoder: SOVA Decoder
Interleaver: S-random Interleaver
Speed of the vehicle = 60.000000 (km/h)
Carrier Frequency = 2.500000e+009 (Hz)
Maximum Doppler Frequency = 138.888889 (Hz)
f_d * t = 0.014286
Maximum number of bits of simulation = 10180000
Eb/No      BER              BLER
0.0     4.744597e-001    1.000000e+000    4.623445e-001    1.000000e+000    4.849378e-001    1.000000e+000    2.721022e-001    1.000000e+000    4.636542e-001    1.000000e+000    3.028563e-003    3.200000e-001    4.692207e-001    1.000000e+000    4.767518e-001    1.000000e+000    6.125043e-002    1.000000e+000    2.622790e-001    1.000000e+000
1.0     4.525213e-001    1.000000e+000    3.716437e-001    1.000000e+000    4.407335e-001    1.000000e+000    1.672748e-001    1.000000e+000    4.066798e-001    1.000000e+000    2.438310e-004    4.468451e-002    4.688933e-001    1.000000e+000    4.636542e-001    1.000000e+000    9.369092e-003    6.509434e-001    1.428045e-001    1.000000e+000
2.0     4.309103e-001    1.000000e+000    2.184676e-001    1.000000e+000    3.565815e-001    1.000000e+000    2.692083e-002    9.459459e-001    3.474132e-001    1.000000e+000    1.827112e-005    4.700000e-003    4.666012e-001    1.000000e+000    3.994761e-001    1.000000e+000    7.225434e-004    1.112717e-001    3.057094e-002    9.696970e-001
3.0     3.817944e-001    1.000000e+000    1.055010e-001    1.000000e+000    2.617878e-001    1.000000e+000    4.840063e-003    4.563107e-001    1.890963e-001    1.000000e+000    1.964637e-007    1.000000e-004    4.688933e-001    1.000000e+000    3.015717e-001    1.000000e+000    3.467583e-005    8.500000e-003    4.100465e-003    4.190871e-001
4.0     2.460707e-001    1.000000e+000    2.189478e-002    8.888889e-001    1.028487e-001    1.000000e+000    4.311357e-004    7.402541e-002    6.274558e-002    1.000000e+000    0.000000e+000    0.000000e+000    3.506876e-001    1.000000e+000    1.453831e-001    1.000000e+000    1.375246e-006    4.000000e-004    5.118476e-004    7.644306e-002
5.0     1.160118e-001    1.000000e+000    4.190396e-003    4.008439e-001    2.817702e-002    9.473684e-001    3.555992e-005    8.500000e-003    1.008380e-002    7.448980e-001    0.000000e+000    0.000000e+000    2.002292e-001    1.000000e+000    5.260314e-002    1.000000e+000    0.000000e+000    0.000000e+000    4.302554e-005    8.600000e-003
6.0     1.857309e-002    8.333333e-001    4.071638e-004    6.666667e-002    5.316993e-003    4.603175e-001    1.473477e-006    4.000000e-004    1.357632e-003    1.862069e-001    0.000000e+000    0.000000e+000    8.115460e-002    1.000000e+000    7.961531e-003    6.048387e-001    0.000000e+000    0.000000e+000    2.848723e-006    5.000000e-004
7.0     2.508420e-003    2.602041e-001    4.479371e-005    9.700000e-003    5.294278e-004    9.672219e-002    1.964637e-007    1.000000e-004    1.282396e-004    2.681244e-002    0.000000e+000    0.000000e+000    1.930633e-002    8.846154e-001    1.076381e-003    1.479869e-001    0.000000e+000    0.000000e+000    0.000000e+000    0.000000e+000
8.0     2.268451e-004    4.159007e-002    5.893910e-007    3.000000e-004    5.225933e-005    1.190000e-002    0.000000e+000    0.000000e+000    1.031434e-005    2.800000e-003    0.000000e+000    0.000000e+000    3.035987e-003    3.141994e-001    9.056974e-005    1.840000e-002    0.000000e+000    0.000000e+000    0.000000e+000    0.000000e+000
9.0     1.728880e-005    3.500000e-003    0.000000e+000    0.000000e+000    6.286837e-006    1.700000e-003    0.000000e+000    0.000000e+000    1.768173e-006    4.000000e-004    0.000000e+000    0.000000e+000    3.064589e-004    5.567652e-002    4.223969e-006    1.500000e-003    0.000000e+000    0.000000e+000    0.000000e+000    0.000000e+000
10.0     4.027505e-006    9.000000e-004    0.000000e+000    0.000000e+000    9.823183e-008    1.000000e-004    0.000000e+000    0.000000e+000    0.000000e+000    0.000000e+000    0.000000e+000    0.000000e+000    3.398821e-005    7.300000e-003    1.964637e-007    2.000000e-004    0.000000e+000    0.000000e+000    0.000000e+000    0.000000e+000
